{"/Users/Mr-zhu/Public/那一年/case/js/wheel/promise/js/index.js": {"path":"/Users/Mr-zhu/Public/那一年/case/js/wheel/promise/js/index.js","all":false,"statementMap":{"0":{"start":{"line":1,"column":0},"end":{"line":1,"column":26}},"1":{"start":{"line":2,"column":0},"end":{"line":2,"column":26}},"2":{"start":{"line":3,"column":0},"end":{"line":3,"column":23}},"3":{"start":{"line":4,"column":0},"end":{"line":4,"column":0}},"4":{"start":{"line":5,"column":0},"end":{"line":5,"column":3}},"5":{"start":{"line":6,"column":0},"end":{"line":6,"column":22}},"6":{"start":{"line":7,"column":0},"end":{"line":7,"column":5}},"7":{"start":{"line":8,"column":0},"end":{"line":8,"column":0}},"8":{"start":{"line":9,"column":0},"end":{"line":9,"column":19}},"9":{"start":{"line":10,"column":0},"end":{"line":10,"column":28}},"10":{"start":{"line":11,"column":0},"end":{"line":11,"column":31}},"11":{"start":{"line":12,"column":0},"end":{"line":12,"column":32}},"12":{"start":{"line":13,"column":0},"end":{"line":13,"column":41}},"13":{"start":{"line":14,"column":0},"end":{"line":14,"column":40}},"14":{"start":{"line":15,"column":0},"end":{"line":15,"column":25}},"15":{"start":{"line":16,"column":0},"end":{"line":16,"column":32}},"16":{"start":{"line":17,"column":0},"end":{"line":17,"column":35}},"17":{"start":{"line":18,"column":0},"end":{"line":18,"column":31}},"18":{"start":{"line":19,"column":0},"end":{"line":19,"column":27}},"19":{"start":{"line":20,"column":0},"end":{"line":20,"column":24}},"20":{"start":{"line":21,"column":0},"end":{"line":21,"column":53}},"21":{"start":{"line":22,"column":0},"end":{"line":22,"column":7}},"22":{"start":{"line":23,"column":0},"end":{"line":23,"column":5}},"23":{"start":{"line":24,"column":0},"end":{"line":24,"column":0}},"24":{"start":{"line":25,"column":0},"end":{"line":25,"column":31}},"25":{"start":{"line":26,"column":0},"end":{"line":26,"column":35}},"26":{"start":{"line":27,"column":0},"end":{"line":27,"column":30}},"27":{"start":{"line":28,"column":0},"end":{"line":28,"column":28}},"28":{"start":{"line":29,"column":0},"end":{"line":29,"column":24}},"29":{"start":{"line":30,"column":0},"end":{"line":30,"column":52}},"30":{"start":{"line":31,"column":0},"end":{"line":31,"column":7}},"31":{"start":{"line":32,"column":0},"end":{"line":32,"column":5}},"32":{"start":{"line":33,"column":0},"end":{"line":33,"column":0}},"33":{"start":{"line":34,"column":0},"end":{"line":34,"column":9}},"34":{"start":{"line":35,"column":0},"end":{"line":35,"column":37}},"35":{"start":{"line":36,"column":0},"end":{"line":36,"column":31}},"36":{"start":{"line":37,"column":0},"end":{"line":37,"column":21}},"37":{"start":{"line":38,"column":0},"end":{"line":38,"column":18}},"38":{"start":{"line":39,"column":0},"end":{"line":39,"column":19}},"39":{"start":{"line":40,"column":0},"end":{"line":40,"column":5}},"40":{"start":{"line":41,"column":0},"end":{"line":41,"column":3}},"41":{"start":{"line":42,"column":0},"end":{"line":42,"column":54}},"42":{"start":{"line":43,"column":0},"end":{"line":43,"column":41}},"43":{"start":{"line":44,"column":0},"end":{"line":44,"column":35}},"44":{"start":{"line":45,"column":0},"end":{"line":45,"column":33}},"45":{"start":{"line":46,"column":0},"end":{"line":46,"column":5}},"46":{"start":{"line":47,"column":0},"end":{"line":47,"column":39}},"47":{"start":{"line":48,"column":0},"end":{"line":48,"column":33}},"48":{"start":{"line":49,"column":0},"end":{"line":49,"column":5}},"49":{"start":{"line":50,"column":0},"end":{"line":50,"column":38}},"50":{"start":{"line":51,"column":0},"end":{"line":51,"column":72}},"51":{"start":{"line":52,"column":0},"end":{"line":52,"column":71}},"52":{"start":{"line":53,"column":0},"end":{"line":53,"column":5}},"53":{"start":{"line":54,"column":0},"end":{"line":54,"column":3}},"54":{"start":{"line":55,"column":0},"end":{"line":55,"column":1}},"55":{"start":{"line":56,"column":0},"end":{"line":56,"column":0}},"56":{"start":{"line":57,"column":0},"end":{"line":57,"column":3}},"57":{"start":{"line":58,"column":0},"end":{"line":58,"column":14}},"58":{"start":{"line":59,"column":0},"end":{"line":59,"column":63}},"59":{"start":{"line":60,"column":0},"end":{"line":60,"column":63}},"60":{"start":{"line":61,"column":0},"end":{"line":61,"column":42}},"61":{"start":{"line":62,"column":0},"end":{"line":62,"column":5}},"62":{"start":{"line":63,"column":0},"end":{"line":63,"column":0}},"63":{"start":{"line":64,"column":0},"end":{"line":64,"column":3}},"64":{"start":{"line":65,"column":0},"end":{"line":65,"column":25}},"65":{"start":{"line":66,"column":0},"end":{"line":66,"column":26}},"66":{"start":{"line":67,"column":0},"end":{"line":67,"column":35}},"67":{"start":{"line":68,"column":0},"end":{"line":68,"column":33}},"68":{"start":{"line":69,"column":0},"end":{"line":69,"column":5}},"69":{"start":{"line":70,"column":0},"end":{"line":70,"column":55}},"70":{"start":{"line":71,"column":0},"end":{"line":71,"column":41}},"71":{"start":{"line":72,"column":0},"end":{"line":72,"column":23}},"72":{"start":{"line":73,"column":0},"end":{"line":73,"column":83}},"73":{"start":{"line":74,"column":0},"end":{"line":74,"column":3}},"74":{"start":{"line":75,"column":0},"end":{"line":75,"column":57}},"75":{"start":{"line":76,"column":0},"end":{"line":76,"column":16}},"76":{"start":{"line":77,"column":0},"end":{"line":77,"column":73}},"77":{"start":{"line":78,"column":0},"end":{"line":78,"column":9}},"78":{"start":{"line":79,"column":0},"end":{"line":79,"column":57}},"79":{"start":{"line":80,"column":0},"end":{"line":80,"column":24}},"80":{"start":{"line":81,"column":0},"end":{"line":81,"column":39}},"81":{"start":{"line":82,"column":0},"end":{"line":82,"column":53}},"82":{"start":{"line":83,"column":0},"end":{"line":83,"column":27}},"83":{"start":{"line":84,"column":0},"end":{"line":84,"column":24}},"84":{"start":{"line":85,"column":0},"end":{"line":85,"column":33}},"85":{"start":{"line":86,"column":0},"end":{"line":86,"column":0}},"86":{"start":{"line":87,"column":0},"end":{"line":87,"column":24}},"87":{"start":{"line":88,"column":0},"end":{"line":88,"column":40}},"88":{"start":{"line":89,"column":0},"end":{"line":89,"column":55}},"89":{"start":{"line":90,"column":0},"end":{"line":90,"column":17}},"90":{"start":{"line":91,"column":0},"end":{"line":91,"column":24}},"91":{"start":{"line":92,"column":0},"end":{"line":92,"column":33}},"92":{"start":{"line":93,"column":0},"end":{"line":93,"column":24}},"93":{"start":{"line":94,"column":0},"end":{"line":94,"column":19}},"94":{"start":{"line":95,"column":0},"end":{"line":95,"column":10}},"95":{"start":{"line":96,"column":0},"end":{"line":96,"column":7}},"96":{"start":{"line":97,"column":0},"end":{"line":97,"column":12}},"97":{"start":{"line":98,"column":0},"end":{"line":98,"column":41}},"98":{"start":{"line":99,"column":0},"end":{"line":99,"column":19}},"99":{"start":{"line":100,"column":0},"end":{"line":100,"column":7}},"100":{"start":{"line":101,"column":0},"end":{"line":101,"column":21}},"101":{"start":{"line":102,"column":0},"end":{"line":102,"column":29}},"102":{"start":{"line":103,"column":0},"end":{"line":103,"column":20}},"103":{"start":{"line":104,"column":0},"end":{"line":104,"column":20}},"104":{"start":{"line":105,"column":0},"end":{"line":105,"column":5}},"105":{"start":{"line":106,"column":0},"end":{"line":106,"column":10}},"106":{"start":{"line":107,"column":0},"end":{"line":107,"column":14}},"107":{"start":{"line":108,"column":0},"end":{"line":108,"column":3}},"108":{"start":{"line":109,"column":0},"end":{"line":109,"column":1}},"109":{"start":{"line":110,"column":0},"end":{"line":110,"column":0}},"110":{"start":{"line":111,"column":0},"end":{"line":111,"column":39}},"111":{"start":{"line":112,"column":0},"end":{"line":112,"column":25}},"112":{"start":{"line":113,"column":0},"end":{"line":113,"column":19}},"113":{"start":{"line":114,"column":0},"end":{"line":114,"column":3}},"114":{"start":{"line":115,"column":0},"end":{"line":115,"column":0}},"115":{"start":{"line":116,"column":0},"end":{"line":116,"column":13}},"116":{"start":{"line":117,"column":0},"end":{"line":117,"column":41}},"117":{"start":{"line":118,"column":0},"end":{"line":118,"column":22}},"118":{"start":{"line":119,"column":0},"end":{"line":119,"column":87}},"119":{"start":{"line":120,"column":0},"end":{"line":120,"column":103}},"120":{"start":{"line":121,"column":0},"end":{"line":121,"column":20}},"121":{"start":{"line":122,"column":0},"end":{"line":122,"column":55}},"122":{"start":{"line":123,"column":0},"end":{"line":123,"column":37}},"123":{"start":{"line":124,"column":0},"end":{"line":124,"column":26}},"124":{"start":{"line":125,"column":0},"end":{"line":125,"column":15}},"125":{"start":{"line":126,"column":0},"end":{"line":126,"column":48}},"126":{"start":{"line":127,"column":0},"end":{"line":127,"column":56}},"127":{"start":{"line":128,"column":0},"end":{"line":128,"column":27}},"128":{"start":{"line":129,"column":0},"end":{"line":129,"column":25}},"129":{"start":{"line":130,"column":0},"end":{"line":130,"column":11}},"130":{"start":{"line":131,"column":0},"end":{"line":131,"column":13}},"131":{"start":{"line":132,"column":0},"end":{"line":132,"column":7}},"132":{"start":{"line":133,"column":0},"end":{"line":133,"column":0}},"133":{"start":{"line":134,"column":0},"end":{"line":134,"column":36}},"134":{"start":{"line":135,"column":0},"end":{"line":135,"column":26}},"135":{"start":{"line":136,"column":0},"end":{"line":136,"column":15}},"136":{"start":{"line":137,"column":0},"end":{"line":137,"column":48}},"137":{"start":{"line":138,"column":0},"end":{"line":138,"column":56}},"138":{"start":{"line":139,"column":0},"end":{"line":139,"column":27}},"139":{"start":{"line":140,"column":0},"end":{"line":140,"column":25}},"140":{"start":{"line":141,"column":0},"end":{"line":141,"column":11}},"141":{"start":{"line":142,"column":0},"end":{"line":142,"column":13}},"142":{"start":{"line":143,"column":0},"end":{"line":143,"column":7}},"143":{"start":{"line":144,"column":0},"end":{"line":144,"column":0}},"144":{"start":{"line":145,"column":0},"end":{"line":145,"column":36}},"145":{"start":{"line":146,"column":0},"end":{"line":146,"column":46}},"146":{"start":{"line":147,"column":0},"end":{"line":147,"column":15}},"147":{"start":{"line":148,"column":0},"end":{"line":148,"column":50}},"148":{"start":{"line":149,"column":0},"end":{"line":149,"column":57}},"149":{"start":{"line":150,"column":0},"end":{"line":150,"column":11}},"150":{"start":{"line":151,"column":0},"end":{"line":151,"column":25}},"151":{"start":{"line":152,"column":0},"end":{"line":152,"column":26}},"152":{"start":{"line":153,"column":0},"end":{"line":153,"column":11}},"153":{"start":{"line":154,"column":0},"end":{"line":154,"column":11}},"154":{"start":{"line":155,"column":0},"end":{"line":155,"column":0}},"155":{"start":{"line":156,"column":0},"end":{"line":156,"column":45}},"156":{"start":{"line":157,"column":0},"end":{"line":157,"column":15}},"157":{"start":{"line":158,"column":0},"end":{"line":158,"column":50}},"158":{"start":{"line":159,"column":0},"end":{"line":159,"column":57}},"159":{"start":{"line":160,"column":0},"end":{"line":160,"column":11}},"160":{"start":{"line":161,"column":0},"end":{"line":161,"column":25}},"161":{"start":{"line":162,"column":0},"end":{"line":162,"column":26}},"162":{"start":{"line":163,"column":0},"end":{"line":163,"column":11}},"163":{"start":{"line":164,"column":0},"end":{"line":164,"column":11}},"164":{"start":{"line":165,"column":0},"end":{"line":165,"column":7}},"165":{"start":{"line":166,"column":0},"end":{"line":166,"column":6}},"166":{"start":{"line":167,"column":0},"end":{"line":167,"column":0}},"167":{"start":{"line":168,"column":0},"end":{"line":168,"column":20}},"168":{"start":{"line":169,"column":0},"end":{"line":169,"column":3}},"169":{"start":{"line":170,"column":0},"end":{"line":170,"column":1}},"170":{"start":{"line":171,"column":0},"end":{"line":171,"column":0}},"171":{"start":{"line":172,"column":0},"end":{"line":172,"column":18}},"172":{"start":{"line":173,"column":0},"end":{"line":173,"column":14}},"173":{"start":{"line":174,"column":0},"end":{"line":174,"column":13}},"174":{"start":{"line":175,"column":0},"end":{"line":175,"column":1}}},"s":{"0":1,"1":1,"2":1,"3":1,"4":1,"5":1,"6":1,"7":1,"8":1,"9":1,"10":4,"11":4,"12":4,"13":1,"14":1,"15":4,"16":2,"17":2,"18":2,"19":2,"20":2,"21":2,"22":2,"23":4,"24":4,"25":2,"26":2,"27":2,"28":2,"29":2,"30":2,"31":2,"32":4,"33":4,"34":4,"35":4,"36":4,"37":0,"38":0,"39":0,"40":4,"41":1,"42":1,"43":2,"44":0,"45":0,"46":2,"47":0,"48":0,"49":2,"50":2,"51":2,"52":2,"53":2,"54":1,"55":1,"56":1,"57":1,"58":1,"59":1,"60":1,"61":1,"62":1,"63":1,"64":1,"65":1,"66":1,"67":1,"68":1,"69":1,"70":1,"71":1,"72":0,"73":0,"74":1,"75":1,"76":1,"77":0,"78":0,"79":0,"80":0,"81":0,"82":0,"83":0,"84":0,"85":0,"86":0,"87":0,"88":0,"89":0,"90":0,"91":0,"92":0,"93":0,"94":0,"95":0,"96":0,"97":0,"98":0,"99":0,"100":0,"101":0,"102":0,"103":0,"104":0,"105":1,"106":1,"107":1,"108":1,"109":1,"110":1,"111":1,"112":2,"113":2,"114":1,"115":1,"116":1,"117":2,"118":2,"119":2,"120":2,"121":2,"122":2,"123":1,"124":1,"125":1,"126":1,"127":1,"128":0,"129":0,"130":1,"131":1,"132":2,"133":2,"134":1,"135":1,"136":1,"137":1,"138":1,"139":1,"140":1,"141":1,"142":1,"143":2,"144":2,"145":0,"146":0,"147":0,"148":0,"149":0,"150":0,"151":0,"152":0,"153":0,"154":0,"155":0,"156":0,"157":0,"158":0,"159":0,"160":0,"161":0,"162":0,"163":0,"164":0,"165":2,"166":2,"167":2,"168":2,"169":1,"170":1,"171":1,"172":1,"173":1,"174":1},"branchMap":{"0":{"type":"branch","line":10,"loc":{"start":{"line":10,"column":2},"end":{"line":14,"column":27}},"locations":[{"start":{"line":10,"column":2},"end":{"line":14,"column":27}}]},"1":{"type":"branch","line":15,"loc":{"start":{"line":15,"column":2},"end":{"line":41,"column":3}},"locations":[{"start":{"line":15,"column":2},"end":{"line":41,"column":3}}]},"2":{"type":"branch","line":37,"loc":{"start":{"line":37,"column":6},"end":{"line":40,"column":5}},"locations":[{"start":{"line":37,"column":6},"end":{"line":40,"column":5}}]},"3":{"type":"branch","line":16,"loc":{"start":{"line":16,"column":21},"end":{"line":23,"column":5}},"locations":[{"start":{"line":16,"column":21},"end":{"line":23,"column":5}}]},"4":{"type":"branch","line":21,"loc":{"start":{"line":21,"column":42},"end":{"line":21,"column":53}},"locations":[{"start":{"line":21,"column":42},"end":{"line":21,"column":53}}]},"5":{"type":"branch","line":25,"loc":{"start":{"line":25,"column":20},"end":{"line":32,"column":5}},"locations":[{"start":{"line":25,"column":20},"end":{"line":32,"column":5}}]},"6":{"type":"branch","line":30,"loc":{"start":{"line":30,"column":41},"end":{"line":30,"column":52}},"locations":[{"start":{"line":30,"column":41},"end":{"line":30,"column":52}}]},"7":{"type":"branch","line":43,"loc":{"start":{"line":43,"column":2},"end":{"line":54,"column":3}},"locations":[{"start":{"line":43,"column":2},"end":{"line":54,"column":3}}]},"8":{"type":"branch","line":44,"loc":{"start":{"line":44,"column":34},"end":{"line":46,"column":5}},"locations":[{"start":{"line":44,"column":34},"end":{"line":46,"column":5}}]},"9":{"type":"branch","line":47,"loc":{"start":{"line":47,"column":38},"end":{"line":49,"column":5}},"locations":[{"start":{"line":47,"column":38},"end":{"line":49,"column":5}}]},"10":{"type":"branch","line":51,"loc":{"start":{"line":51,"column":37},"end":{"line":51,"column":59}},"locations":[{"start":{"line":51,"column":37},"end":{"line":51,"column":59}}]},"11":{"type":"branch","line":52,"loc":{"start":{"line":52,"column":36},"end":{"line":52,"column":57}},"locations":[{"start":{"line":52,"column":36},"end":{"line":52,"column":57}}]},"12":{"type":"branch","line":70,"loc":{"start":{"line":70,"column":0},"end":{"line":109,"column":1}},"locations":[{"start":{"line":70,"column":0},"end":{"line":109,"column":1}}]},"13":{"type":"branch","line":72,"loc":{"start":{"line":72,"column":22},"end":{"line":74,"column":3}},"locations":[{"start":{"line":72,"column":22},"end":{"line":74,"column":3}}]},"14":{"type":"branch","line":77,"loc":{"start":{"line":77,"column":7},"end":{"line":77,"column":47}},"locations":[{"start":{"line":77,"column":7},"end":{"line":77,"column":47}}]},"15":{"type":"branch","line":77,"loc":{"start":{"line":77,"column":72},"end":{"line":106,"column":9}},"locations":[{"start":{"line":77,"column":72},"end":{"line":106,"column":9}}]},"16":{"type":"branch","line":112,"loc":{"start":{"line":112,"column":2},"end":{"line":114,"column":3}},"locations":[{"start":{"line":112,"column":2},"end":{"line":114,"column":3}}]},"17":{"type":"branch","line":117,"loc":{"start":{"line":117,"column":2},"end":{"line":169,"column":3}},"locations":[{"start":{"line":117,"column":2},"end":{"line":169,"column":3}}]},"18":{"type":"branch","line":119,"loc":{"start":{"line":119,"column":22},"end":{"line":119,"column":80}},"locations":[{"start":{"line":119,"column":22},"end":{"line":119,"column":80}}]},"19":{"type":"branch","line":120,"loc":{"start":{"line":120,"column":21},"end":{"line":120,"column":77}},"locations":[{"start":{"line":120,"column":21},"end":{"line":120,"column":77}}]},"20":{"type":"branch","line":119,"loc":{"start":{"line":119,"column":80},"end":{"line":119,"column":87}},"locations":[{"start":{"line":119,"column":80},"end":{"line":119,"column":87}}]},"21":{"type":"branch","line":120,"loc":{"start":{"line":120,"column":77},"end":{"line":120,"column":103}},"locations":[{"start":{"line":120,"column":77},"end":{"line":120,"column":103}}]},"22":{"type":"branch","line":122,"loc":{"start":{"line":122,"column":33},"end":{"line":166,"column":6}},"locations":[{"start":{"line":122,"column":33},"end":{"line":166,"column":6}}]},"23":{"type":"branch","line":123,"loc":{"start":{"line":123,"column":36},"end":{"line":132,"column":7}},"locations":[{"start":{"line":123,"column":36},"end":{"line":132,"column":7}}]},"24":{"type":"branch","line":134,"loc":{"start":{"line":134,"column":35},"end":{"line":143,"column":7}},"locations":[{"start":{"line":134,"column":35},"end":{"line":143,"column":7}}]},"25":{"type":"branch","line":145,"loc":{"start":{"line":145,"column":35},"end":{"line":165,"column":7}},"locations":[{"start":{"line":145,"column":35},"end":{"line":165,"column":7}}]},"26":{"type":"branch","line":124,"loc":{"start":{"line":124,"column":19},"end":{"line":131,"column":11}},"locations":[{"start":{"line":124,"column":19},"end":{"line":131,"column":11}}]},"27":{"type":"branch","line":128,"loc":{"start":{"line":128,"column":12},"end":{"line":130,"column":11}},"locations":[{"start":{"line":128,"column":12},"end":{"line":130,"column":11}}]},"28":{"type":"branch","line":135,"loc":{"start":{"line":135,"column":19},"end":{"line":142,"column":11}},"locations":[{"start":{"line":135,"column":19},"end":{"line":142,"column":11}}]},"29":{"type":"branch","line":139,"loc":{"start":{"line":139,"column":11},"end":{"line":139,"column":12}},"locations":[{"start":{"line":139,"column":11},"end":{"line":139,"column":12}}]}},"b":{"0":[4],"1":[4],"2":[0],"3":[2],"4":[1],"5":[2],"6":[1],"7":[2],"8":[0],"9":[0],"10":[1],"11":[1],"12":[1],"13":[0],"14":[0],"15":[0],"16":[2],"17":[2],"18":[0],"19":[0],"20":[1],"21":[1],"22":[2],"23":[1],"24":[1],"25":[0],"26":[1],"27":[0],"28":[1],"29":[0]},"fnMap":{"0":{"name":"<instance_members_initializer>","decl":{"start":{"line":10,"column":2},"end":{"line":14,"column":27}},"loc":{"start":{"line":10,"column":2},"end":{"line":14,"column":27}},"line":10},"1":{"name":"BasePromise","decl":{"start":{"line":15,"column":2},"end":{"line":41,"column":3}},"loc":{"start":{"line":15,"column":2},"end":{"line":41,"column":3}},"line":15},"2":{"name":"resolve","decl":{"start":{"line":16,"column":21},"end":{"line":23,"column":5}},"loc":{"start":{"line":16,"column":21},"end":{"line":23,"column":5}},"line":16},"3":{"name":"reject","decl":{"start":{"line":25,"column":20},"end":{"line":32,"column":5}},"loc":{"start":{"line":25,"column":20},"end":{"line":32,"column":5}},"line":25},"4":{"name":"then","decl":{"start":{"line":43,"column":2},"end":{"line":54,"column":3}},"loc":{"start":{"line":43,"column":2},"end":{"line":54,"column":3}},"line":43},"5":{"name":"resolvePromise","decl":{"start":{"line":70,"column":0},"end":{"line":109,"column":1}},"loc":{"start":{"line":70,"column":0},"end":{"line":109,"column":1}},"line":70},"6":{"name":"then.call.called","decl":{"start":{"line":83,"column":21},"end":{"line":90,"column":11}},"loc":{"start":{"line":83,"column":21},"end":{"line":90,"column":11}},"line":83},"7":{"name":"FullPromise","decl":{"start":{"line":112,"column":2},"end":{"line":114,"column":3}},"loc":{"start":{"line":112,"column":2},"end":{"line":114,"column":3}},"line":112},"8":{"name":"then","decl":{"start":{"line":117,"column":2},"end":{"line":169,"column":3}},"loc":{"start":{"line":117,"column":2},"end":{"line":169,"column":3}},"line":117},"9":{"name":"resolveCallBack","decl":{"start":{"line":119,"column":80},"end":{"line":119,"column":87}},"loc":{"start":{"line":119,"column":80},"end":{"line":119,"column":87}},"line":119},"10":{"name":"rejectCallBack","decl":{"start":{"line":120,"column":77},"end":{"line":120,"column":103}},"loc":{"start":{"line":120,"column":77},"end":{"line":120,"column":103}},"line":120}},"f":{"0":4,"1":4,"2":2,"3":2,"4":2,"5":1,"6":0,"7":2,"8":2,"9":1,"10":1}}
}
