TN:
SF:js/index.js
FN:10,<instance_members_initializer>
FN:15,BasePromise
FN:16,resolve
FN:25,reject
FN:43,then
FN:70,resolvePromise
FN:83,then.call.called
FN:112,FullPromise
FN:117,then
FN:119,resolveCallBack
FN:120,rejectCallBack
FNF:11
FNH:10
FNDA:4,<instance_members_initializer>
FNDA:4,BasePromise
FNDA:2,resolve
FNDA:2,reject
FNDA:2,then
FNDA:1,resolvePromise
FNDA:0,then.call.called
FNDA:2,FullPromise
FNDA:2,then
FNDA:1,resolveCallBack
FNDA:1,rejectCallBack
DA:1,1
DA:2,1
DA:3,1
DA:4,1
DA:5,1
DA:6,1
DA:7,1
DA:8,1
DA:9,1
DA:10,1
DA:11,4
DA:12,4
DA:13,4
DA:14,1
DA:15,1
DA:16,4
DA:17,2
DA:18,2
DA:19,2
DA:20,2
DA:21,2
DA:22,2
DA:23,2
DA:24,4
DA:25,4
DA:26,2
DA:27,2
DA:28,2
DA:29,2
DA:30,2
DA:31,2
DA:32,2
DA:33,4
DA:34,4
DA:35,4
DA:36,4
DA:37,4
DA:38,0
DA:39,0
DA:40,0
DA:41,4
DA:42,1
DA:43,1
DA:44,2
DA:45,0
DA:46,0
DA:47,2
DA:48,0
DA:49,0
DA:50,2
DA:51,2
DA:52,2
DA:53,2
DA:54,2
DA:55,1
DA:56,1
DA:57,1
DA:58,1
DA:59,1
DA:60,1
DA:61,1
DA:62,1
DA:63,1
DA:64,1
DA:65,1
DA:66,1
DA:67,1
DA:68,1
DA:69,1
DA:70,1
DA:71,1
DA:72,1
DA:73,0
DA:74,0
DA:75,1
DA:76,1
DA:77,1
DA:78,0
DA:79,0
DA:80,0
DA:81,0
DA:82,0
DA:83,0
DA:84,0
DA:85,0
DA:86,0
DA:87,0
DA:88,0
DA:89,0
DA:90,0
DA:91,0
DA:92,0
DA:93,0
DA:94,0
DA:95,0
DA:96,0
DA:97,0
DA:98,0
DA:99,0
DA:100,0
DA:101,0
DA:102,0
DA:103,0
DA:104,0
DA:105,0
DA:106,1
DA:107,1
DA:108,1
DA:109,1
DA:110,1
DA:111,1
DA:112,1
DA:113,2
DA:114,2
DA:115,1
DA:116,1
DA:117,1
DA:118,2
DA:119,2
DA:120,2
DA:121,2
DA:122,2
DA:123,2
DA:124,1
DA:125,1
DA:126,1
DA:127,1
DA:128,1
DA:129,0
DA:130,0
DA:131,1
DA:132,1
DA:133,2
DA:134,2
DA:135,1
DA:136,1
DA:137,1
DA:138,1
DA:139,1
DA:140,1
DA:141,1
DA:142,1
DA:143,1
DA:144,2
DA:145,2
DA:146,0
DA:147,0
DA:148,0
DA:149,0
DA:150,0
DA:151,0
DA:152,0
DA:153,0
DA:154,0
DA:155,0
DA:156,0
DA:157,0
DA:158,0
DA:159,0
DA:160,0
DA:161,0
DA:162,0
DA:163,0
DA:164,0
DA:165,0
DA:166,2
DA:167,2
DA:168,2
DA:169,2
DA:170,1
DA:171,1
DA:172,1
DA:173,1
DA:174,1
DA:175,1
LF:175
LH:116
BRDA:10,0,0,4
BRDA:15,1,0,4
BRDA:37,2,0,0
BRDA:16,3,0,2
BRDA:21,4,0,1
BRDA:25,5,0,2
BRDA:30,6,0,1
BRDA:43,7,0,2
BRDA:44,8,0,0
BRDA:47,9,0,0
BRDA:51,10,0,1
BRDA:52,11,0,1
BRDA:70,12,0,1
BRDA:72,13,0,0
BRDA:77,14,0,0
BRDA:77,15,0,0
BRDA:112,16,0,2
BRDA:117,17,0,2
BRDA:119,18,0,0
BRDA:120,19,0,0
BRDA:119,20,0,1
BRDA:120,21,0,1
BRDA:122,22,0,2
BRDA:123,23,0,1
BRDA:134,24,0,1
BRDA:145,25,0,0
BRDA:124,26,0,1
BRDA:128,27,0,0
BRDA:135,28,0,1
BRDA:139,29,0,0
BRF:30
BRH:19
end_of_record
