TN:
SF:js/index.js
FN:10,<instance_members_initializer>
FN:15,BasePromise
FN:16,resolve
FN:25,reject
FN:43,then
FNF:5
FNH:5
FNDA:2,<instance_members_initializer>
FNDA:2,BasePromise
FNDA:1,resolve
FNDA:1,reject
FNDA:2,then
DA:1,1
DA:2,1
DA:3,1
DA:4,1
DA:5,1
DA:6,1
DA:7,1
DA:8,1
DA:9,1
DA:10,1
DA:11,2
DA:12,2
DA:13,2
DA:14,1
DA:15,1
DA:16,2
DA:17,1
DA:18,1
DA:19,1
DA:20,1
DA:21,1
DA:22,1
DA:23,1
DA:24,2
DA:25,2
DA:26,1
DA:27,1
DA:28,1
DA:29,1
DA:30,1
DA:31,1
DA:32,1
DA:33,2
DA:34,2
DA:35,2
DA:36,2
DA:37,2
DA:38,0
DA:39,0
DA:40,0
DA:41,2
DA:42,1
DA:43,1
DA:44,2
DA:45,0
DA:46,0
DA:47,2
DA:48,0
DA:49,0
DA:50,2
DA:51,2
DA:52,2
DA:53,2
DA:54,2
DA:55,1
DA:56,1
DA:57,1
DA:58,1
DA:59,1
LF:59
LH:52
BRDA:10,0,0,2
BRDA:15,1,0,2
BRDA:37,2,0,0
BRDA:16,3,0,1
BRDA:21,4,0,1
BRDA:25,5,0,1
BRDA:30,6,0,1
BRDA:43,7,0,2
BRDA:44,8,0,0
BRDA:47,9,0,0
BRDA:51,10,0,1
BRDA:52,11,0,1
BRF:12
BRH:9
end_of_record
